mode: set
github.com/subutai-io/p2p/lib/net.go:36.47,48.2 11 0
github.com/subutai-io/p2p/lib/net.go:51.73,52.29 1 0
github.com/subutai-io/p2p/lib/net.go:56.2,66.20 11 0
github.com/subutai-io/p2p/lib/net.go:52.29,54.3 1 0
github.com/subutai-io/p2p/lib/net.go:70.56,72.2 1 0
github.com/subutai-io/p2p/lib/net.go:75.41,81.2 5 0
github.com/subutai-io/p2p/lib/net.go:84.61,88.16 4 0
github.com/subutai-io/p2p/lib/net.go:91.2,92.37 2 0
github.com/subutai-io/p2p/lib/net.go:95.2,99.17 5 0
github.com/subutai-io/p2p/lib/net.go:88.16,90.3 1 0
github.com/subutai-io/p2p/lib/net.go:92.37,94.3 1 0
github.com/subutai-io/p2p/lib/net.go:103.81,111.14 8 0
github.com/subutai-io/p2p/lib/net.go:120.2,120.12 1 0
github.com/subutai-io/p2p/lib/net.go:111.14,114.17 3 0
github.com/subutai-io/p2p/lib/net.go:114.17,116.4 1 0
github.com/subutai-io/p2p/lib/net.go:117.3,119.3 1 0
github.com/subutai-io/p2p/lib/net.go:124.41,135.2 10 0
github.com/subutai-io/p2p/lib/net.go:138.55,150.2 11 0
github.com/subutai-io/p2p/lib/net.go:153.65,164.2 10 0
github.com/subutai-io/p2p/lib/net.go:167.80,176.14 9 1
github.com/subutai-io/p2p/lib/net.go:185.2,185.12 1 1
github.com/subutai-io/p2p/lib/net.go:176.14,179.17 3 0
github.com/subutai-io/p2p/lib/net.go:179.17,181.4 1 0
github.com/subutai-io/p2p/lib/net.go:182.3,184.3 1 1
github.com/subutai-io/p2p/lib/net.go:189.58,198.14 9 0
github.com/subutai-io/p2p/lib/net.go:207.2,207.12 1 0
github.com/subutai-io/p2p/lib/net.go:198.14,201.17 3 0
github.com/subutai-io/p2p/lib/net.go:201.17,203.4 1 0
github.com/subutai-io/p2p/lib/net.go:204.3,206.3 1 0
github.com/subutai-io/p2p/lib/net.go:211.98,221.14 10 0
github.com/subutai-io/p2p/lib/net.go:230.2,230.12 1 0
github.com/subutai-io/p2p/lib/net.go:221.14,224.17 3 0
github.com/subutai-io/p2p/lib/net.go:224.17,226.4 1 0
github.com/subutai-io/p2p/lib/net.go:227.3,229.3 1 0
github.com/subutai-io/p2p/lib/net.go:234.79,243.14 9 0
github.com/subutai-io/p2p/lib/net.go:252.2,252.12 1 0
github.com/subutai-io/p2p/lib/net.go:243.14,246.17 3 0
github.com/subutai-io/p2p/lib/net.go:246.17,248.4 1 0
github.com/subutai-io/p2p/lib/net.go:249.3,251.3 1 0
github.com/subutai-io/p2p/lib/net.go:256.78,269.2 11 0
github.com/subutai-io/p2p/lib/net.go:272.69,285.2 12 0
github.com/subutai-io/p2p/lib/net.go:300.27,302.2 1 0
github.com/subutai-io/p2p/lib/net.go:305.36,307.2 1 0
github.com/subutai-io/p2p/lib/net.go:310.40,312.2 1 0
github.com/subutai-io/p2p/lib/net.go:315.54,323.16 6 0
github.com/subutai-io/p2p/lib/net.go:326.2,327.16 2 0
github.com/subutai-io/p2p/lib/net.go:330.2,331.12 2 0
github.com/subutai-io/p2p/lib/net.go:323.16,325.3 1 0
github.com/subutai-io/p2p/lib/net.go:327.16,329.3 1 0
github.com/subutai-io/p2p/lib/net.go:335.34,338.2 2 0
github.com/subutai-io/p2p/lib/net.go:344.65,346.21 2 0
github.com/subutai-io/p2p/lib/net.go:350.2,350.36 1 0
github.com/subutai-io/p2p/lib/net.go:346.21,349.3 2 0
github.com/subutai-io/p2p/lib/net.go:354.68,356.2 0 0
github.com/subutai-io/p2p/lib/net.go:359.84,361.16 2 0
github.com/subutai-io/p2p/lib/net.go:364.2,364.15 1 0
github.com/subutai-io/p2p/lib/net.go:361.16,363.3 1 0
github.com/subutai-io/p2p/lib/net.go:368.82,370.16 2 0
github.com/subutai-io/p2p/lib/net.go:373.2,373.15 1 0
github.com/subutai-io/p2p/lib/net.go:370.16,372.3 1 0
github.com/subutai-io/p2p/lib/platform_posix.go:23.21,25.2 0 0
github.com/subutai-io/p2p/lib/platform_posix.go:28.51,32.16 3 0
github.com/subutai-io/p2p/lib/platform_posix.go:36.2,46.17 5 0
github.com/subutai-io/p2p/lib/platform_posix.go:32.16,34.3 1 0
github.com/subutai-io/p2p/lib/platform_posix.go:50.52,52.16 2 0
github.com/subutai-io/p2p/lib/platform_posix.go:55.2,55.26 1 0
github.com/subutai-io/p2p/lib/platform_posix.go:58.2,58.12 1 0
github.com/subutai-io/p2p/lib/platform_posix.go:52.16,54.3 1 0
github.com/subutai-io/p2p/lib/platform_posix.go:55.26,57.3 1 0
github.com/subutai-io/p2p/lib/platform_posix.go:62.35,64.2 1 0
github.com/subutai-io/p2p/lib/platform_posix.go:67.30,68.22 1 0
github.com/subutai-io/p2p/lib/platform_posix.go:72.2,72.13 1 0
github.com/subutai-io/p2p/lib/platform_posix.go:68.22,71.3 2 0
github.com/subutai-io/p2p/lib/platform_posix.go:88.63,90.16 2 0
github.com/subutai-io/p2p/lib/platform_posix.go:94.2,95.16 2 0
github.com/subutai-io/p2p/lib/platform_posix.go:99.2,103.17 4 0
github.com/subutai-io/p2p/lib/platform_posix.go:90.16,92.3 1 0
github.com/subutai-io/p2p/lib/platform_posix.go:95.16,97.3 1 0
github.com/subutai-io/p2p/lib/platform_posix.go:107.27,111.2 0 0
github.com/subutai-io/p2p/lib/platform_posix.go:114.53,116.2 1 0
github.com/subutai-io/p2p/lib/platform_posix.go:119.62,120.88 1 0
github.com/subutai-io/p2p/lib/platform_posix.go:120.88,123.3 2 0
github.com/subutai-io/p2p/lib/proxy.go:25.77,28.29 3 0
github.com/subutai-io/p2p/lib/proxy.go:28.29,30.3 1 0
github.com/subutai-io/p2p/lib/proxy.go:30.3,30.36 1 0
github.com/subutai-io/p2p/lib/proxy.go:30.36,32.3 1 0
github.com/subutai-io/p2p/lib/proxy.go:36.50,39.2 2 0
github.com/subutai-io/p2p/lib/proxy.go:42.48,43.24 1 0
github.com/subutai-io/p2p/lib/proxy.go:46.2,48.16 3 0
github.com/subutai-io/p2p/lib/proxy.go:52.2,52.12 1 0
github.com/subutai-io/p2p/lib/proxy.go:43.24,45.3 1 0
github.com/subutai-io/p2p/lib/proxy.go:48.16,50.3 1 0
github.com/subutai-io/p2p/lib/proxy.go:64.48,67.2 1 0
github.com/subutai-io/p2p/lib/dht.go:92.52,98.2 1 0
github.com/subutai-io/p2p/lib/dht.go:101.99,103.27 2 0
github.com/subutai-io/p2p/lib/dht.go:108.2,110.20 3 0
github.com/subutai-io/p2p/lib/dht.go:103.27,107.3 3 0
github.com/subutai-io/p2p/lib/dht.go:114.58,123.16 6 0
github.com/subutai-io/p2p/lib/dht.go:128.2,131.32 4 0
github.com/subutai-io/p2p/lib/dht.go:134.2,135.49 2 0
github.com/subutai-io/p2p/lib/dht.go:141.2,142.20 2 0
github.com/subutai-io/p2p/lib/dht.go:145.2,146.16 2 0
github.com/subutai-io/p2p/lib/dht.go:151.2,151.12 1 0
github.com/subutai-io/p2p/lib/dht.go:123.16,125.3 1 0
github.com/subutai-io/p2p/lib/dht.go:131.32,133.3 1 0
github.com/subutai-io/p2p/lib/dht.go:135.49,139.3 3 0
github.com/subutai-io/p2p/lib/dht.go:142.20,144.3 1 0
github.com/subutai-io/p2p/lib/dht.go:146.16,150.3 3 0
github.com/subutai-io/p2p/lib/dht.go:155.94,159.16 4 0
github.com/subutai-io/p2p/lib/dht.go:164.2,165.16 2 0
github.com/subutai-io/p2p/lib/dht.go:170.2,174.18 3 0
github.com/subutai-io/p2p/lib/dht.go:159.16,162.3 2 0
github.com/subutai-io/p2p/lib/dht.go:165.16,168.3 2 0
github.com/subutai-io/p2p/lib/dht.go:178.61,179.15 1 1
github.com/subutai-io/p2p/lib/dht.go:184.2,186.16 3 1
github.com/subutai-io/p2p/lib/dht.go:189.2,190.22 2 1
github.com/subutai-io/p2p/lib/dht.go:179.15,180.31 1 1
github.com/subutai-io/p2p/lib/dht.go:180.31,182.4 1 0
github.com/subutai-io/p2p/lib/dht.go:186.16,188.3 1 0
github.com/subutai-io/p2p/lib/dht.go:194.76,201.14 5 1
github.com/subutai-io/p2p/lib/dht.go:205.2,205.62 1 1
github.com/subutai-io/p2p/lib/dht.go:210.2,210.17 1 1
github.com/subutai-io/p2p/lib/dht.go:213.2,214.31 2 1
github.com/subutai-io/p2p/lib/dht.go:201.14,203.3 1 1
github.com/subutai-io/p2p/lib/dht.go:205.62,208.3 2 1
github.com/subutai-io/p2p/lib/dht.go:210.17,212.3 1 1
github.com/subutai-io/p2p/lib/dht.go:218.60,219.23 1 1
github.com/subutai-io/p2p/lib/dht.go:222.2,223.49 2 1
github.com/subutai-io/p2p/lib/dht.go:227.2,227.19 1 1
github.com/subutai-io/p2p/lib/dht.go:219.23,221.3 1 0
github.com/subutai-io/p2p/lib/dht.go:223.49,226.3 2 0
github.com/subutai-io/p2p/lib/dht.go:232.53,234.26 2 0
github.com/subutai-io/p2p/lib/dht.go:234.26,235.14 1 0
github.com/subutai-io/p2p/lib/dht.go:238.3,239.45 2 0
github.com/subutai-io/p2p/lib/dht.go:244.3,244.13 1 0
github.com/subutai-io/p2p/lib/dht.go:235.14,236.12 1 0
github.com/subutai-io/p2p/lib/dht.go:239.45,240.24 1 0
github.com/subutai-io/p2p/lib/dht.go:240.24,242.5 1 0
github.com/subutai-io/p2p/lib/dht.go:244.13,246.4 1 0
github.com/subutai-io/p2p/lib/dht.go:252.49,254.38 2 0
github.com/subutai-io/p2p/lib/dht.go:254.38,255.21 1 0
github.com/subutai-io/p2p/lib/dht.go:258.3,259.17 2 0
github.com/subutai-io/p2p/lib/dht.go:255.21,256.12 1 0
github.com/subutai-io/p2p/lib/dht.go:259.17,261.4 1 0
github.com/subutai-io/p2p/lib/dht.go:268.37,269.6 1 0
github.com/subutai-io/p2p/lib/dht.go:277.2,277.34 1 0
github.com/subutai-io/p2p/lib/dht.go:269.6,270.21 1 0
github.com/subutai-io/p2p/lib/dht.go:273.3,275.30 2 0
github.com/subutai-io/p2p/lib/dht.go:270.21,271.9 1 0
github.com/subutai-io/p2p/lib/dht.go:281.43,283.38 2 0
github.com/subutai-io/p2p/lib/dht.go:283.38,284.21 1 0
github.com/subutai-io/p2p/lib/dht.go:287.3,289.17 3 0
github.com/subutai-io/p2p/lib/dht.go:284.21,285.12 1 0
github.com/subutai-io/p2p/lib/dht.go:289.17,291.4 1 0
github.com/subutai-io/p2p/lib/dht.go:298.52,303.6 5 0
github.com/subutai-io/p2p/lib/dht.go:339.2,339.17 1 0
github.com/subutai-io/p2p/lib/dht.go:303.6,304.21 1 0
github.com/subutai-io/p2p/lib/dht.go:314.3,316.17 3 0
github.com/subutai-io/p2p/lib/dht.go:334.3,334.25 1 0
github.com/subutai-io/p2p/lib/dht.go:304.21,307.37 3 0
github.com/subutai-io/p2p/lib/dht.go:312.4,312.9 1 0
github.com/subutai-io/p2p/lib/dht.go:307.37,308.62 1 0
github.com/subutai-io/p2p/lib/dht.go:308.62,310.6 1 0
github.com/subutai-io/p2p/lib/dht.go:316.17,319.4 2 0
github.com/subutai-io/p2p/lib/dht.go:319.4,322.18 3 0
github.com/subutai-io/p2p/lib/dht.go:322.18,324.5 1 0
github.com/subutai-io/p2p/lib/dht.go:324.5,326.15 2 0
github.com/subutai-io/p2p/lib/dht.go:326.15,329.6 2 0
github.com/subutai-io/p2p/lib/dht.go:329.6,331.6 1 0
github.com/subutai-io/p2p/lib/dht.go:334.25,336.9 2 0
github.com/subutai-io/p2p/lib/dht.go:344.70,345.74 1 0
github.com/subutai-io/p2p/lib/dht.go:348.2,348.19 1 0
github.com/subutai-io/p2p/lib/dht.go:352.2,352.20 1 0
github.com/subutai-io/p2p/lib/dht.go:356.2,360.65 4 0
github.com/subutai-io/p2p/lib/dht.go:345.74,347.3 1 0
github.com/subutai-io/p2p/lib/dht.go:348.19,351.3 2 0
github.com/subutai-io/p2p/lib/dht.go:352.20,355.3 2 0
github.com/subutai-io/p2p/lib/dht.go:364.70,369.16 5 0
github.com/subutai-io/p2p/lib/dht.go:369.16,371.3 1 0
github.com/subutai-io/p2p/lib/dht.go:375.35,378.2 2 0
github.com/subutai-io/p2p/lib/dht.go:381.70,383.26 1 0
github.com/subutai-io/p2p/lib/dht.go:383.26,385.20 2 0
github.com/subutai-io/p2p/lib/dht.go:385.20,387.4 1 0
github.com/subutai-io/p2p/lib/dht.go:387.4,388.27 1 0
github.com/subutai-io/p2p/lib/dht.go:388.27,391.5 2 0
github.com/subutai-io/p2p/lib/dht.go:429.3,433.3 1 0
github.com/subutai-io/p2p/lib/dht.go:437.71,440.2 1 0
github.com/subutai-io/p2p/lib/dht.go:443.70,449.27 4 0
github.com/subutai-io/p2p/lib/dht.go:461.2,461.20 1 0
github.com/subutai-io/p2p/lib/dht.go:466.2,467.22 2 0
github.com/subutai-io/p2p/lib/dht.go:449.27,450.17 1 0
github.com/subutai-io/p2p/lib/dht.go:453.3,454.17 2 0
github.com/subutai-io/p2p/lib/dht.go:458.3,458.26 1 0
github.com/subutai-io/p2p/lib/dht.go:450.17,451.12 1 0
github.com/subutai-io/p2p/lib/dht.go:454.17,456.12 2 0
github.com/subutai-io/p2p/lib/dht.go:461.20,464.3 2 0
github.com/subutai-io/p2p/lib/dht.go:490.55,492.2 1 0
github.com/subutai-io/p2p/lib/dht.go:495.68,497.43 1 0
github.com/subutai-io/p2p/lib/dht.go:500.2,502.16 3 0
github.com/subutai-io/p2p/lib/dht.go:506.2,509.29 4 0
github.com/subutai-io/p2p/lib/dht.go:512.2,514.35 3 0
github.com/subutai-io/p2p/lib/dht.go:519.2,519.12 1 0
github.com/subutai-io/p2p/lib/dht.go:497.43,499.3 1 0
github.com/subutai-io/p2p/lib/dht.go:502.16,505.3 2 0
github.com/subutai-io/p2p/lib/dht.go:509.29,511.3 1 0
github.com/subutai-io/p2p/lib/dht.go:514.35,515.83 1 0
github.com/subutai-io/p2p/lib/dht.go:515.83,517.4 1 0
github.com/subutai-io/p2p/lib/dht.go:519.12,521.3 1 0
github.com/subutai-io/p2p/lib/dht.go:526.71,528.29 1 0
github.com/subutai-io/p2p/lib/dht.go:531.2,534.16 4 0
github.com/subutai-io/p2p/lib/dht.go:538.2,539.27 2 0
github.com/subutai-io/p2p/lib/dht.go:528.29,530.3 1 0
github.com/subutai-io/p2p/lib/dht.go:534.16,537.3 2 0
github.com/subutai-io/p2p/lib/dht.go:543.59,547.2 3 0
github.com/subutai-io/p2p/lib/dht.go:550.72,556.2 2 0
github.com/subutai-io/p2p/lib/dht.go:559.70,560.26 1 0
github.com/subutai-io/p2p/lib/dht.go:560.26,564.32 2 0
github.com/subutai-io/p2p/lib/dht.go:567.3,567.39 1 0
github.com/subutai-io/p2p/lib/dht.go:564.32,566.4 1 0
github.com/subutai-io/p2p/lib/dht.go:568.3,570.3 1 0
github.com/subutai-io/p2p/lib/dht.go:574.70,575.28 1 0
github.com/subutai-io/p2p/lib/dht.go:579.2,581.16 3 0
github.com/subutai-io/p2p/lib/dht.go:585.2,587.21 3 0
github.com/subutai-io/p2p/lib/dht.go:575.28,578.3 2 0
github.com/subutai-io/p2p/lib/dht.go:581.16,584.3 2 0
github.com/subutai-io/p2p/lib/dht.go:593.73,596.74 3 0
github.com/subutai-io/p2p/lib/dht.go:599.2,602.16 4 0
github.com/subutai-io/p2p/lib/dht.go:596.74,598.3 1 0
github.com/subutai-io/p2p/lib/dht.go:602.16,604.3 1 0
github.com/subutai-io/p2p/lib/dht.go:608.71,610.13 2 0
github.com/subutai-io/p2p/lib/dht.go:610.13,612.3 1 0
github.com/subutai-io/p2p/lib/dht.go:612.3,614.3 1 0
github.com/subutai-io/p2p/lib/dht.go:618.56,627.23 8 0
github.com/subutai-io/p2p/lib/dht.go:630.2,631.12 2 0
github.com/subutai-io/p2p/lib/dht.go:627.23,629.3 1 0
github.com/subutai-io/p2p/lib/dht.go:634.40,636.30 1 0
github.com/subutai-io/p2p/lib/dht.go:639.2,640.59 2 0
github.com/subutai-io/p2p/lib/dht.go:643.2,643.31 1 0
github.com/subutai-io/p2p/lib/dht.go:654.2,659.53 6 0
github.com/subutai-io/p2p/lib/dht.go:636.30,638.3 1 0
github.com/subutai-io/p2p/lib/dht.go:640.59,642.3 1 0
github.com/subutai-io/p2p/lib/dht.go:643.31,650.3 6 0
github.com/subutai-io/p2p/lib/dht.go:650.3,653.3 2 0
github.com/subutai-io/p2p/lib/dht.go:663.39,664.26 1 0
github.com/subutai-io/p2p/lib/dht.go:668.2,668.37 1 0
github.com/subutai-io/p2p/lib/dht.go:671.2,674.33 4 0
github.com/subutai-io/p2p/lib/dht.go:685.2,685.30 1 0
github.com/subutai-io/p2p/lib/dht.go:688.2,689.12 2 0
github.com/subutai-io/p2p/lib/dht.go:664.26,666.3 1 0
github.com/subutai-io/p2p/lib/dht.go:668.37,670.3 1 0
github.com/subutai-io/p2p/lib/dht.go:674.33,676.32 2 0
github.com/subutai-io/p2p/lib/dht.go:676.32,679.4 2 0
github.com/subutai-io/p2p/lib/dht.go:679.4,683.4 3 0
github.com/subutai-io/p2p/lib/dht.go:685.30,687.3 1 0
github.com/subutai-io/p2p/lib/dht.go:693.41,696.24 3 0
github.com/subutai-io/p2p/lib/dht.go:703.2,703.23 1 0
github.com/subutai-io/p2p/lib/dht.go:706.2,707.12 2 0
github.com/subutai-io/p2p/lib/dht.go:696.24,699.22 3 0
github.com/subutai-io/p2p/lib/dht.go:699.22,700.9 1 0
github.com/subutai-io/p2p/lib/dht.go:703.23,705.3 1 0
github.com/subutai-io/p2p/lib/dht.go:711.128,722.59 8 0
github.com/subutai-io/p2p/lib/dht.go:725.2,725.31 1 0
github.com/subutai-io/p2p/lib/dht.go:735.2,743.37 9 0
github.com/subutai-io/p2p/lib/dht.go:746.2,747.33 2 0
github.com/subutai-io/p2p/lib/dht.go:759.2,761.24 3 0
github.com/subutai-io/p2p/lib/dht.go:768.2,769.20 2 0
github.com/subutai-io/p2p/lib/dht.go:772.2,772.12 1 0
github.com/subutai-io/p2p/lib/dht.go:722.59,724.3 1 0
github.com/subutai-io/p2p/lib/dht.go:725.31,731.3 5 0
github.com/subutai-io/p2p/lib/dht.go:731.3,734.3 2 0
github.com/subutai-io/p2p/lib/dht.go:743.37,745.3 1 0
github.com/subutai-io/p2p/lib/dht.go:747.33,749.32 2 0
github.com/subutai-io/p2p/lib/dht.go:749.32,752.4 2 0
github.com/subutai-io/p2p/lib/dht.go:752.4,757.4 4 0
github.com/subutai-io/p2p/lib/dht.go:761.24,764.22 3 0
github.com/subutai-io/p2p/lib/dht.go:764.22,765.9 1 0
github.com/subutai-io/p2p/lib/dht.go:769.20,771.3 1 0
github.com/subutai-io/p2p/lib/dht.go:776.45,777.24 1 0
github.com/subutai-io/p2p/lib/dht.go:780.2,787.49 8 0
github.com/subutai-io/p2p/lib/dht.go:792.2,793.38 2 0
github.com/subutai-io/p2p/lib/dht.go:777.24,779.3 1 0
github.com/subutai-io/p2p/lib/dht.go:787.49,790.3 2 0
github.com/subutai-io/p2p/lib/dht.go:793.38,794.21 1 0
github.com/subutai-io/p2p/lib/dht.go:797.3,798.17 2 0
github.com/subutai-io/p2p/lib/dht.go:794.21,795.12 1 0
github.com/subutai-io/p2p/lib/dht.go:798.17,802.4 3 0
github.com/subutai-io/p2p/lib/dht.go:807.74,813.27 5 0
github.com/subutai-io/p2p/lib/dht.go:816.2,819.49 4 0
github.com/subutai-io/p2p/lib/dht.go:823.2,825.38 2 0
github.com/subutai-io/p2p/lib/dht.go:813.27,815.3 1 0
github.com/subutai-io/p2p/lib/dht.go:819.49,822.3 2 0
github.com/subutai-io/p2p/lib/dht.go:825.38,826.21 1 0
github.com/subutai-io/p2p/lib/dht.go:829.3,830.17 2 0
github.com/subutai-io/p2p/lib/dht.go:826.21,827.12 1 0
github.com/subutai-io/p2p/lib/dht.go:830.17,834.4 3 0
github.com/subutai-io/p2p/lib/dht.go:839.57,845.49 6 0
github.com/subutai-io/p2p/lib/dht.go:849.2,849.22 1 0
github.com/subutai-io/p2p/lib/dht.go:845.49,848.3 2 0
github.com/subutai-io/p2p/lib/dht.go:853.45,854.15 1 0
github.com/subutai-io/p2p/lib/dht.go:858.2,858.38 1 0
github.com/subutai-io/p2p/lib/dht.go:868.2,868.13 1 0
github.com/subutai-io/p2p/lib/dht.go:854.15,857.3 2 0
github.com/subutai-io/p2p/lib/dht.go:858.38,859.21 1 0
github.com/subutai-io/p2p/lib/dht.go:862.3,863.17 2 0
github.com/subutai-io/p2p/lib/dht.go:859.21,860.12 1 0
github.com/subutai-io/p2p/lib/dht.go:863.17,866.4 2 0
github.com/subutai-io/p2p/lib/dht.go:873.35,877.2 3 0
github.com/subutai-io/p2p/lib/dht.go:880.47,884.2 3 0
github.com/subutai-io/p2p/lib/dht.go:887.30,894.49 7 0
github.com/subutai-io/p2p/lib/dht.go:898.2,899.38 2 0
github.com/subutai-io/p2p/lib/dht.go:894.49,897.3 2 0
github.com/subutai-io/p2p/lib/dht.go:899.38,901.3 1 0
github.com/subutai-io/p2p/lib/dht.go:905.61,908.37 2 0
github.com/subutai-io/p2p/lib/dht.go:914.2,915.41 2 0
github.com/subutai-io/p2p/lib/dht.go:920.2,920.12 1 0
github.com/subutai-io/p2p/lib/dht.go:923.2,924.19 2 0
github.com/subutai-io/p2p/lib/dht.go:908.37,909.41 1 0
github.com/subutai-io/p2p/lib/dht.go:909.41,911.9 2 0
github.com/subutai-io/p2p/lib/dht.go:915.41,916.36 1 0
github.com/subutai-io/p2p/lib/dht.go:916.36,918.4 1 0
github.com/subutai-io/p2p/lib/dht.go:920.12,922.3 1 0
github.com/subutai-io/p2p/lib/dht.go:928.49,931.2 2 0
github.com/subutai-io/p2p/lib/dht.go:935.50,945.2 1 0
github.com/subutai-io/p2p/lib/dht.go:948.34,950.2 1 0
github.com/subutai-io/p2p/lib/errors.go:32.19,40.2 7 0
github.com/subutai-io/p2p/lib/p2p.go:51.66,55.27 3 0
github.com/subutai-io/p2p/lib/p2p.go:58.2,58.28 1 0
github.com/subutai-io/p2p/lib/p2p.go:64.2,65.16 2 0
github.com/subutai-io/p2p/lib/p2p.go:71.2,72.16 2 0
github.com/subutai-io/p2p/lib/p2p.go:77.2,78.34 2 0
github.com/subutai-io/p2p/lib/p2p.go:82.2,86.18 3 0
github.com/subutai-io/p2p/lib/p2p.go:90.2,92.12 3 0
github.com/subutai-io/p2p/lib/p2p.go:55.27,57.3 1 0
github.com/subutai-io/p2p/lib/p2p.go:58.28,60.3 1 0
github.com/subutai-io/p2p/lib/p2p.go:65.16,70.3 4 0
github.com/subutai-io/p2p/lib/p2p.go:72.16,75.3 2 0
github.com/subutai-io/p2p/lib/p2p.go:78.34,81.3 2 0
github.com/subutai-io/p2p/lib/p2p.go:86.18,88.3 1 0
github.com/subutai-io/p2p/lib/p2p.go:96.40,102.6 2 0
github.com/subutai-io/p2p/lib/p2p.go:115.2,116.47 2 0
github.com/subutai-io/p2p/lib/p2p.go:102.6,103.17 1 0
github.com/subutai-io/p2p/lib/p2p.go:106.3,107.17 2 0
github.com/subutai-io/p2p/lib/p2p.go:110.3,110.23 1 0
github.com/subutai-io/p2p/lib/p2p.go:113.3,113.52 1 0
github.com/subutai-io/p2p/lib/p2p.go:103.17,104.9 1 0
github.com/subutai-io/p2p/lib/p2p.go:107.17,109.4 1 0
github.com/subutai-io/p2p/lib/p2p.go:110.23,112.4 1 0
github.com/subutai-io/p2p/lib/p2p.go:120.55,122.16 2 1
github.com/subutai-io/p2p/lib/p2p.go:126.2,126.24 1 1
github.com/subutai-io/p2p/lib/p2p.go:131.2,131.14 1 1
github.com/subutai-io/p2p/lib/p2p.go:122.16,125.3 2 0
github.com/subutai-io/p2p/lib/p2p.go:126.24,127.21 1 1
github.com/subutai-io/p2p/lib/p2p.go:127.21,129.4 1 0
github.com/subutai-io/p2p/lib/p2p.go:135.55,137.31 2 1
github.com/subutai-io/p2p/lib/p2p.go:140.2,140.16 1 1
github.com/subutai-io/p2p/lib/p2p.go:137.31,139.3 1 0
github.com/subutai-io/p2p/lib/p2p.go:144.45,145.31 1 0
github.com/subutai-io/p2p/lib/p2p.go:153.2,153.14 1 0
github.com/subutai-io/p2p/lib/p2p.go:145.31,146.16 1 0
github.com/subutai-io/p2p/lib/p2p.go:147.12,148.16 1 0
github.com/subutai-io/p2p/lib/p2p.go:149.12,150.15 1 0
github.com/subutai-io/p2p/lib/p2p.go:158.45,161.16 3 0
github.com/subutai-io/p2p/lib/p2p.go:165.2,165.24 1 0
github.com/subutai-io/p2p/lib/p2p.go:202.2,202.56 1 0
github.com/subutai-io/p2p/lib/p2p.go:161.16,164.3 2 0
github.com/subutai-io/p2p/lib/p2p.go:165.24,168.17 2 0
github.com/subutai-io/p2p/lib/p2p.go:172.3,172.34 1 0
github.com/subutai-io/p2p/lib/p2p.go:168.17,170.12 2 0
github.com/subutai-io/p2p/lib/p2p.go:172.34,176.18 4 0
github.com/subutai-io/p2p/lib/p2p.go:179.4,179.23 1 0
github.com/subutai-io/p2p/lib/p2p.go:193.4,193.30 1 0
github.com/subutai-io/p2p/lib/p2p.go:196.4,197.28 2 0
github.com/subutai-io/p2p/lib/p2p.go:176.18,178.5 1 0
github.com/subutai-io/p2p/lib/p2p.go:179.23,181.5 1 0
github.com/subutai-io/p2p/lib/p2p.go:181.5,181.31 1 0
github.com/subutai-io/p2p/lib/p2p.go:181.31,183.5 1 0
github.com/subutai-io/p2p/lib/p2p.go:183.5,183.35 1 0
github.com/subutai-io/p2p/lib/p2p.go:183.35,186.5 2 0
github.com/subutai-io/p2p/lib/p2p.go:186.5,186.38 1 0
github.com/subutai-io/p2p/lib/p2p.go:186.38,188.5 1 0
github.com/subutai-io/p2p/lib/p2p.go:188.5,188.40 1 0
github.com/subutai-io/p2p/lib/p2p.go:188.40,190.5 1 0
github.com/subutai-io/p2p/lib/p2p.go:190.5,190.45 1 0
github.com/subutai-io/p2p/lib/p2p.go:190.45,192.5 1 0
github.com/subutai-io/p2p/lib/p2p.go:193.30,195.5 1 0
github.com/subutai-io/p2p/lib/p2p.go:197.28,199.5 1 0
github.com/subutai-io/p2p/lib/p2p.go:206.169,212.16 6 0
github.com/subutai-io/p2p/lib/p2p.go:216.2,216.37 1 0
github.com/subutai-io/p2p/lib/p2p.go:221.2,221.9 1 0
github.com/subutai-io/p2p/lib/p2p.go:225.2,225.22 1 0
github.com/subutai-io/p2p/lib/p2p.go:228.2,228.18 1 0
github.com/subutai-io/p2p/lib/p2p.go:240.2,240.22 1 0
github.com/subutai-io/p2p/lib/p2p.go:246.2,257.16 6 0
github.com/subutai-io/p2p/lib/p2p.go:260.2,263.21 4 0
github.com/subutai-io/p2p/lib/p2p.go:282.2,284.10 3 0
github.com/subutai-io/p2p/lib/p2p.go:212.16,215.3 2 0
github.com/subutai-io/p2p/lib/p2p.go:216.37,219.3 2 0
github.com/subutai-io/p2p/lib/p2p.go:221.9,223.3 1 0
github.com/subutai-io/p2p/lib/p2p.go:225.22,227.3 1 0
github.com/subutai-io/p2p/lib/p2p.go:228.18,230.19 1 0
github.com/subutai-io/p2p/lib/p2p.go:233.3,237.26 5 0
github.com/subutai-io/p2p/lib/p2p.go:230.19,232.4 1 0
github.com/subutai-io/p2p/lib/p2p.go:240.22,242.3 1 0
github.com/subutai-io/p2p/lib/p2p.go:242.3,244.3 1 0
github.com/subutai-io/p2p/lib/p2p.go:257.16,259.3 1 0
github.com/subutai-io/p2p/lib/p2p.go:263.21,265.17 2 0
github.com/subutai-io/p2p/lib/p2p.go:269.3,270.27 2 0
github.com/subutai-io/p2p/lib/p2p.go:265.17,268.4 2 0
github.com/subutai-io/p2p/lib/p2p.go:271.3,274.17 3 0
github.com/subutai-io/p2p/lib/p2p.go:278.3,279.27 2 0
github.com/subutai-io/p2p/lib/p2p.go:274.17,277.4 2 0
github.com/subutai-io/p2p/lib/p2p.go:287.73,290.16 3 0
github.com/subutai-io/p2p/lib/p2p.go:293.2,294.16 2 0
github.com/subutai-io/p2p/lib/p2p.go:297.2,298.12 2 0
github.com/subutai-io/p2p/lib/p2p.go:290.16,292.3 1 0
github.com/subutai-io/p2p/lib/p2p.go:294.16,296.3 1 0
github.com/subutai-io/p2p/lib/p2p.go:302.29,305.2 2 0
github.com/subutai-io/p2p/lib/p2p.go:307.63,310.15 3 0
github.com/subutai-io/p2p/lib/p2p.go:320.2,320.11 1 0
github.com/subutai-io/p2p/lib/p2p.go:310.15,312.17 2 0
github.com/subutai-io/p2p/lib/p2p.go:312.17,315.4 2 0
github.com/subutai-io/p2p/lib/p2p.go:316.3,319.3 2 0
github.com/subutai-io/p2p/lib/p2p.go:323.73,324.16 1 0
github.com/subutai-io/p2p/lib/p2p.go:332.2,332.18 1 0
github.com/subutai-io/p2p/lib/p2p.go:324.16,326.3 1 0
github.com/subutai-io/p2p/lib/p2p.go:326.3,327.21 1 0
github.com/subutai-io/p2p/lib/p2p.go:327.21,330.4 2 0
github.com/subutai-io/p2p/lib/p2p.go:335.38,358.2 19 0
github.com/subutai-io/p2p/lib/p2p.go:361.80,366.46 5 0
github.com/subutai-io/p2p/lib/p2p.go:375.2,378.16 4 0
github.com/subutai-io/p2p/lib/p2p.go:381.2,381.42 1 0
github.com/subutai-io/p2p/lib/p2p.go:366.46,371.20 5 0
github.com/subutai-io/p2p/lib/p2p.go:371.20,373.4 1 0
github.com/subutai-io/p2p/lib/p2p.go:378.16,380.3 1 0
github.com/subutai-io/p2p/lib/p2p.go:385.90,387.16 2 0
github.com/subutai-io/p2p/lib/p2p.go:399.2,404.16 6 0
github.com/subutai-io/p2p/lib/p2p.go:407.2,407.28 1 0
github.com/subutai-io/p2p/lib/p2p.go:387.16,389.17 2 0
github.com/subutai-io/p2p/lib/p2p.go:392.3,395.17 4 0
github.com/subutai-io/p2p/lib/p2p.go:389.17,391.4 1 0
github.com/subutai-io/p2p/lib/p2p.go:395.17,397.4 1 0
github.com/subutai-io/p2p/lib/p2p.go:404.16,406.3 1 0
github.com/subutai-io/p2p/lib/p2p.go:411.59,412.18 1 0
github.com/subutai-io/p2p/lib/p2p.go:417.2,420.16 4 0
github.com/subutai-io/p2p/lib/p2p.go:423.2,426.16 4 0
github.com/subutai-io/p2p/lib/p2p.go:434.2,435.16 2 0
github.com/subutai-io/p2p/lib/p2p.go:438.2,438.12 1 0
github.com/subutai-io/p2p/lib/p2p.go:412.18,416.3 3 0
github.com/subutai-io/p2p/lib/p2p.go:420.16,422.3 1 0
github.com/subutai-io/p2p/lib/p2p.go:426.16,428.18 2 0
github.com/subutai-io/p2p/lib/p2p.go:428.18,432.4 3 0
github.com/subutai-io/p2p/lib/p2p.go:435.16,437.3 1 0
github.com/subutai-io/p2p/lib/p2p.go:441.66,443.17 2 0
github.com/subutai-io/p2p/lib/p2p.go:446.2,449.12 4 0
github.com/subutai-io/p2p/lib/p2p.go:443.17,445.3 1 0
github.com/subutai-io/p2p/lib/p2p.go:453.28,456.6 3 0
github.com/subutai-io/p2p/lib/p2p.go:491.2,491.69 1 0
github.com/subutai-io/p2p/lib/p2p.go:456.6,457.17 1 0
github.com/subutai-io/p2p/lib/p2p.go:465.3,467.30 3 0
github.com/subutai-io/p2p/lib/p2p.go:479.3,481.24 3 0
github.com/subutai-io/p2p/lib/p2p.go:457.17,459.21 1 0
github.com/subutai-io/p2p/lib/p2p.go:462.4,463.12 2 0
github.com/subutai-io/p2p/lib/p2p.go:459.21,460.10 1 0
github.com/subutai-io/p2p/lib/p2p.go:467.30,468.35 1 0
github.com/subutai-io/p2p/lib/p2p.go:468.35,472.19 4 0
github.com/subutai-io/p2p/lib/p2p.go:475.5,476.10 2 0
github.com/subutai-io/p2p/lib/p2p.go:472.19,474.6 1 0
github.com/subutai-io/p2p/lib/p2p.go:481.24,489.4 7 0
github.com/subutai-io/p2p/lib/p2p.go:496.72,500.2 3 1
github.com/subutai-io/p2p/lib/p2p.go:505.35,520.2 1 0
github.com/subutai-io/p2p/lib/p2p.go:523.43,525.39 2 0
github.com/subutai-io/p2p/lib/p2p.go:538.2,539.14 2 0
github.com/subutai-io/p2p/lib/p2p.go:525.39,527.30 2 0
github.com/subutai-io/p2p/lib/p2p.go:527.30,528.85 1 0
github.com/subutai-io/p2p/lib/p2p.go:528.85,535.5 6 0
github.com/subutai-io/p2p/lib/p2p.go:543.76,548.34 5 0
github.com/subutai-io/p2p/lib/p2p.go:552.2,553.16 2 0
github.com/subutai-io/p2p/lib/p2p.go:548.34,551.3 2 0
github.com/subutai-io/p2p/lib/p2p.go:553.16,555.3 1 0
github.com/subutai-io/p2p/lib/p2p.go:559.47,562.16 3 1
github.com/subutai-io/p2p/lib/p2p.go:566.2,569.16 4 1
github.com/subutai-io/p2p/lib/p2p.go:573.2,573.16 1 1
github.com/subutai-io/p2p/lib/p2p.go:562.16,565.3 2 0
github.com/subutai-io/p2p/lib/p2p.go:569.16,572.3 2 0
github.com/subutai-io/p2p/lib/p2p.go:578.88,580.21 2 1
github.com/subutai-io/p2p/lib/p2p.go:584.2,588.16 4 1
github.com/subutai-io/p2p/lib/p2p.go:593.2,594.15 2 1
github.com/subutai-io/p2p/lib/p2p.go:599.2,599.20 1 1
github.com/subutai-io/p2p/lib/p2p.go:580.21,583.3 2 0
github.com/subutai-io/p2p/lib/p2p.go:588.16,591.3 2 0
github.com/subutai-io/p2p/lib/p2p.go:594.15,597.3 2 0
github.com/subutai-io/p2p/lib/p2p.go:603.100,604.16 1 0
github.com/subutai-io/p2p/lib/p2p.go:609.2,613.19 4 0
github.com/subutai-io/p2p/lib/p2p.go:619.2,619.165 1 0
github.com/subutai-io/p2p/lib/p2p.go:627.2,628.12 2 0
github.com/subutai-io/p2p/lib/p2p.go:604.16,607.3 2 0
github.com/subutai-io/p2p/lib/p2p.go:613.19,616.3 2 0
github.com/subutai-io/p2p/lib/p2p.go:619.165,622.20 3 0
github.com/subutai-io/p2p/lib/p2p.go:625.3,625.42 1 0
github.com/subutai-io/p2p/lib/p2p.go:622.20,624.4 1 0
github.com/subutai-io/p2p/lib/p2p.go:628.12,630.3 1 0
github.com/subutai-io/p2p/lib/p2p.go:630.3,632.3 1 0
github.com/subutai-io/p2p/lib/p2p.go:636.87,639.2 2 0
github.com/subutai-io/p2p/lib/p2p.go:642.79,644.2 1 0
github.com/subutai-io/p2p/lib/p2p.go:647.84,649.19 2 0
github.com/subutai-io/p2p/lib/p2p.go:649.19,654.17 4 0
github.com/subutai-io/p2p/lib/p2p.go:654.17,656.4 1 0
github.com/subutai-io/p2p/lib/p2p.go:656.4,659.4 2 0
github.com/subutai-io/p2p/lib/p2p.go:660.3,664.30 3 0
github.com/subutai-io/p2p/lib/p2p.go:664.30,665.70 1 0
github.com/subutai-io/p2p/lib/p2p.go:665.70,669.10 4 0
github.com/subutai-io/p2p/lib/p2p.go:676.80,681.40 4 0
github.com/subutai-io/p2p/lib/p2p.go:684.2,684.17 1 0
github.com/subutai-io/p2p/lib/p2p.go:689.2,689.49 1 0
github.com/subutai-io/p2p/lib/p2p.go:698.2,698.16 1 0
github.com/subutai-io/p2p/lib/p2p.go:702.2,702.15 1 0
github.com/subutai-io/p2p/lib/p2p.go:706.2,711.63 6 0
github.com/subutai-io/p2p/lib/p2p.go:681.40,683.3 1 0
github.com/subutai-io/p2p/lib/p2p.go:684.17,688.3 3 0
github.com/subutai-io/p2p/lib/p2p.go:689.49,697.3 7 0
github.com/subutai-io/p2p/lib/p2p.go:698.16,701.3 2 0
github.com/subutai-io/p2p/lib/p2p.go:702.15,705.3 2 0
github.com/subutai-io/p2p/lib/p2p.go:715.87,718.17 3 0
github.com/subutai-io/p2p/lib/p2p.go:723.2,726.16 4 0
github.com/subutai-io/p2p/lib/p2p.go:718.17,722.3 3 0
github.com/subutai-io/p2p/lib/p2p.go:726.16,728.3 1 0
github.com/subutai-io/p2p/lib/p2p.go:732.80,734.28 1 0
github.com/subutai-io/p2p/lib/p2p.go:737.2,740.29 4 0
github.com/subutai-io/p2p/lib/p2p.go:747.2,747.93 1 0
github.com/subutai-io/p2p/lib/p2p.go:734.28,736.3 1 0
github.com/subutai-io/p2p/lib/p2p.go:740.29,741.35 1 0
github.com/subutai-io/p2p/lib/p2p.go:741.35,745.4 3 0
github.com/subutai-io/p2p/lib/p2p.go:751.74,753.29 2 0
github.com/subutai-io/p2p/lib/p2p.go:753.29,754.87 1 0
github.com/subutai-io/p2p/lib/p2p.go:754.87,762.4 7 0
github.com/subutai-io/p2p/lib/p2p.go:768.79,771.16 3 0
github.com/subutai-io/p2p/lib/p2p.go:775.2,776.19 2 0
github.com/subutai-io/p2p/lib/p2p.go:780.2,781.109 2 0
github.com/subutai-io/p2p/lib/p2p.go:771.16,773.3 1 0
github.com/subutai-io/p2p/lib/p2p.go:776.19,779.3 2 0
github.com/subutai-io/p2p/lib/p2p.go:781.109,784.3 2 0
github.com/subutai-io/p2p/lib/p2p.go:788.81,793.16 3 0
github.com/subutai-io/p2p/lib/p2p.go:799.2,799.15 1 0
github.com/subutai-io/p2p/lib/p2p.go:793.16,798.3 4 0
github.com/subutai-io/p2p/lib/p2p.go:803.37,805.29 2 0
github.com/subutai-io/p2p/lib/p2p.go:809.2,810.27 2 0
github.com/subutai-io/p2p/lib/p2p.go:816.2,819.42 3 0
github.com/subutai-io/p2p/lib/p2p.go:824.2,833.15 9 0
github.com/subutai-io/p2p/lib/p2p.go:848.2,849.22 2 0
github.com/subutai-io/p2p/lib/p2p.go:805.29,808.3 2 0
github.com/subutai-io/p2p/lib/p2p.go:810.27,811.61 1 0
github.com/subutai-io/p2p/lib/p2p.go:814.3,814.37 1 0
github.com/subutai-io/p2p/lib/p2p.go:811.61,812.9 1 0
github.com/subutai-io/p2p/lib/p2p.go:819.42,821.3 1 0
github.com/subutai-io/p2p/lib/p2p.go:821.3,823.3 1 0
github.com/subutai-io/p2p/lib/p2p.go:833.15,834.42 1 0
github.com/subutai-io/p2p/lib/p2p.go:834.42,839.18 5 0
github.com/subutai-io/p2p/lib/p2p.go:842.4,843.19 2 0
github.com/subutai-io/p2p/lib/p2p.go:839.18,841.5 1 0
github.com/subutai-io/p2p/lib/p2p.go:843.19,844.10 1 0
github.com/subutai-io/p2p/lib/p2p.go:853.40,854.6 1 0
github.com/subutai-io/p2p/lib/p2p.go:917.2,917.41 1 0
github.com/subutai-io/p2p/lib/p2p.go:854.6,855.17 1 0
github.com/subutai-io/p2p/lib/p2p.go:858.3,858.19 1 0
github.com/subutai-io/p2p/lib/p2p.go:862.3,862.10 1 0
github.com/subutai-io/p2p/lib/p2p.go:855.17,856.9 1 0
github.com/subutai-io/p2p/lib/p2p.go:858.19,860.12 2 0
github.com/subutai-io/p2p/lib/p2p.go:863.37,864.10 1 0
github.com/subutai-io/p2p/lib/p2p.go:872.41,873.9 1 0
github.com/subutai-io/p2p/lib/p2p.go:883.42,884.10 1 0
github.com/subutai-io/p2p/lib/p2p.go:903.40,904.9 1 0
github.com/subutai-io/p2p/lib/p2p.go:913.11,914.38 1 0
github.com/subutai-io/p2p/lib/p2p.go:864.10,867.5 1 0
github.com/subutai-io/p2p/lib/p2p.go:873.9,875.20 2 0
github.com/subutai-io/p2p/lib/p2p.go:875.20,878.6 2 0
github.com/subutai-io/p2p/lib/p2p.go:878.6,881.6 2 0
github.com/subutai-io/p2p/lib/p2p.go:884.10,887.32 3 0
github.com/subutai-io/p2p/lib/p2p.go:895.5,895.16 1 0
github.com/subutai-io/p2p/lib/p2p.go:887.32,888.34 1 0
github.com/subutai-io/p2p/lib/p2p.go:888.34,893.7 4 0
github.com/subutai-io/p2p/lib/p2p.go:895.16,898.6 2 0
github.com/subutai-io/p2p/lib/p2p.go:900.5,902.5 1 0
github.com/subutai-io/p2p/lib/p2p.go:904.9,905.34 1 0
github.com/subutai-io/p2p/lib/p2p.go:908.5,909.19 2 0
github.com/subutai-io/p2p/lib/p2p.go:905.34,906.14 1 0
github.com/subutai-io/p2p/lib/p2p.go:909.19,911.6 1 0
github.com/subutai-io/p2p/lib/p2p.go:920.59,923.23 1 0
github.com/subutai-io/p2p/lib/p2p.go:927.2,928.17 2 0
github.com/subutai-io/p2p/lib/p2p.go:939.2,939.60 1 0
github.com/subutai-io/p2p/lib/p2p.go:923.23,925.3 1 0
github.com/subutai-io/p2p/lib/p2p.go:928.17,936.3 7 0
github.com/subutai-io/p2p/lib/p2p.go:939.60,941.43 2 0
github.com/subutai-io/p2p/lib/p2p.go:952.3,953.9 2 0
github.com/subutai-io/p2p/lib/p2p.go:941.43,943.42 2 0
github.com/subutai-io/p2p/lib/p2p.go:948.4,948.14 1 0
github.com/subutai-io/p2p/lib/p2p.go:943.42,944.25 1 0
github.com/subutai-io/p2p/lib/p2p.go:944.25,946.6 1 0
github.com/subutai-io/p2p/lib/p2p.go:948.14,950.5 1 0
github.com/subutai-io/p2p/lib/p2p.go:958.36,959.6 1 0
github.com/subutai-io/p2p/lib/p2p.go:992.2,992.43 1 0
github.com/subutai-io/p2p/lib/p2p.go:959.6,960.17 1 0
github.com/subutai-io/p2p/lib/p2p.go:963.3,963.19 1 0
github.com/subutai-io/p2p/lib/p2p.go:967.3,967.10 1 0
github.com/subutai-io/p2p/lib/p2p.go:960.17,961.9 1 0
github.com/subutai-io/p2p/lib/p2p.go:963.19,965.12 2 0
github.com/subutai-io/p2p/lib/p2p.go:968.47,969.15 1 0
github.com/subutai-io/p2p/lib/p2p.go:988.11,989.38 1 0
github.com/subutai-io/p2p/lib/p2p.go:969.15,972.32 3 0
github.com/subutai-io/p2p/lib/p2p.go:980.5,980.16 1 0
github.com/subutai-io/p2p/lib/p2p.go:972.32,973.34 1 0
github.com/subutai-io/p2p/lib/p2p.go:973.34,978.7 4 0
github.com/subutai-io/p2p/lib/p2p.go:980.16,983.6 2 0
github.com/subutai-io/p2p/lib/p2p.go:985.5,987.5 1 0
github.com/subutai-io/p2p/lib/packet.go:116.63,118.12 2 0
github.com/subutai-io/p2p/lib/packet.go:118.12,120.3 1 0
github.com/subutai-io/p2p/lib/packet.go:120.3,122.3 1 0
github.com/subutai-io/p2p/lib/packet.go:126.67,129.52 3 0
github.com/subutai-io/p2p/lib/packet.go:133.2,133.43 1 0
github.com/subutai-io/p2p/lib/packet.go:136.2,137.30 2 0
github.com/subutai-io/p2p/lib/packet.go:129.52,131.3 1 0
github.com/subutai-io/p2p/lib/packet.go:133.43,135.3 1 0
github.com/subutai-io/p2p/lib/packet.go:141.67,143.2 1 0
github.com/subutai-io/p2p/lib/packet.go:146.76,148.2 1 0
github.com/subutai-io/p2p/lib/packet.go:151.67,153.2 1 0
github.com/subutai-io/p2p/lib/packet.go:156.68,158.2 1 0
github.com/subutai-io/p2p/lib/packet.go:161.77,163.2 1 0
github.com/subutai-io/p2p/lib/packet.go:166.75,168.2 1 0
github.com/subutai-io/p2p/lib/packet.go:170.66,174.52 2 0
github.com/subutai-io/p2p/lib/packet.go:179.2,179.42 1 0
github.com/subutai-io/p2p/lib/packet.go:184.2,185.55 2 0
github.com/subutai-io/p2p/lib/packet.go:191.2,194.16 2 0
github.com/subutai-io/p2p/lib/packet.go:198.2,201.17 2 0
github.com/subutai-io/p2p/lib/packet.go:205.2,208.19 2 0
github.com/subutai-io/p2p/lib/packet.go:215.2,215.44 1 0
github.com/subutai-io/p2p/lib/packet.go:221.2,224.16 4 0
github.com/subutai-io/p2p/lib/packet.go:228.2,229.16 2 0
github.com/subutai-io/p2p/lib/packet.go:234.2,242.16 3 0
github.com/subutai-io/p2p/lib/packet.go:245.2,246.43 2 0
github.com/subutai-io/p2p/lib/packet.go:174.52,177.3 2 0
github.com/subutai-io/p2p/lib/packet.go:179.42,182.3 2 0
github.com/subutai-io/p2p/lib/packet.go:185.55,188.3 2 0
github.com/subutai-io/p2p/lib/packet.go:194.16,197.3 2 0
github.com/subutai-io/p2p/lib/packet.go:201.17,204.3 2 0
github.com/subutai-io/p2p/lib/packet.go:208.19,214.3 4 0
github.com/subutai-io/p2p/lib/packet.go:215.44,220.3 3 0
github.com/subutai-io/p2p/lib/packet.go:224.16,227.3 2 0
github.com/subutai-io/p2p/lib/packet.go:229.16,232.3 2 0
github.com/subutai-io/p2p/lib/packet.go:242.16,244.3 1 0
github.com/subutai-io/p2p/lib/packet.go:249.67,251.2 1 0
github.com/subutai-io/p2p/lib/packet.go:253.37,255.2 1 0
github.com/subutai-io/p2p/lib/packet.go:260.53,305.2 17 0
github.com/subutai-io/p2p/lib/packet.go:308.50,310.16 1 0
github.com/subutai-io/p2p/lib/packet.go:316.2,337.20 12 0
github.com/subutai-io/p2p/lib/packet.go:343.2,364.12 13 0
github.com/subutai-io/p2p/lib/packet.go:310.16,312.3 1 0
github.com/subutai-io/p2p/lib/packet.go:337.20,339.3 1 0
github.com/subutai-io/p2p/lib/packet.go:368.141,370.20 1 0
github.com/subutai-io/p2p/lib/packet.go:373.2,373.20 1 0
github.com/subutai-io/p2p/lib/packet.go:376.2,376.30 1 0
github.com/subutai-io/p2p/lib/packet.go:382.2,383.18 2 0
github.com/subutai-io/p2p/lib/packet.go:386.2,387.18 2 0
github.com/subutai-io/p2p/lib/packet.go:391.2,407.8 1 0
github.com/subutai-io/p2p/lib/packet.go:370.20,372.3 1 0
github.com/subutai-io/p2p/lib/packet.go:373.20,375.3 1 0
github.com/subutai-io/p2p/lib/packet.go:376.30,378.3 1 0
github.com/subutai-io/p2p/lib/packet.go:383.18,385.3 1 0
github.com/subutai-io/p2p/lib/packet.go:387.18,389.3 1 0
github.com/subutai-io/p2p/lib/peerlist.go:25.27,29.2 3 0
github.com/subutai-io/p2p/lib/peerlist.go:31.80,34.29 3 0
github.com/subutai-io/p2p/lib/peerlist.go:34.29,38.30 4 0
github.com/subutai-io/p2p/lib/peerlist.go:41.3,41.25 1 0
github.com/subutai-io/p2p/lib/peerlist.go:44.3,44.30 1 0
github.com/subutai-io/p2p/lib/peerlist.go:38.30,40.4 1 0
github.com/subutai-io/p2p/lib/peerlist.go:41.25,43.4 1 0
github.com/subutai-io/p2p/lib/peerlist.go:45.3,45.36 1 0
github.com/subutai-io/p2p/lib/peerlist.go:45.36,47.14 2 0
github.com/subutai-io/p2p/lib/peerlist.go:50.3,52.9 3 0
github.com/subutai-io/p2p/lib/peerlist.go:47.14,49.4 1 0
github.com/subutai-io/p2p/lib/peerlist.go:56.53,57.14 1 0
github.com/subutai-io/p2p/lib/peerlist.go:60.2,60.15 1 0
github.com/subutai-io/p2p/lib/peerlist.go:57.14,59.3 1 0
github.com/subutai-io/p2p/lib/peerlist.go:60.15,62.3 1 0
github.com/subutai-io/p2p/lib/peerlist.go:65.49,66.14 1 0
github.com/subutai-io/p2p/lib/peerlist.go:72.2,72.15 1 0
github.com/subutai-io/p2p/lib/peerlist.go:66.14,68.13 2 0
github.com/subutai-io/p2p/lib/peerlist.go:68.13,70.4 1 0
github.com/subutai-io/p2p/lib/peerlist.go:72.15,74.13 2 0
github.com/subutai-io/p2p/lib/peerlist.go:74.13,76.4 1 0
github.com/subutai-io/p2p/lib/peerlist.go:80.38,82.2 1 0
github.com/subutai-io/p2p/lib/peerlist.go:85.57,87.2 1 0
github.com/subutai-io/p2p/lib/peerlist.go:90.50,93.32 3 0
github.com/subutai-io/p2p/lib/peerlist.go:96.2,97.15 2 0
github.com/subutai-io/p2p/lib/peerlist.go:93.32,95.3 1 0
github.com/subutai-io/p2p/lib/peerlist.go:101.52,105.12 4 0
github.com/subutai-io/p2p/lib/peerlist.go:108.2,108.12 1 0
github.com/subutai-io/p2p/lib/peerlist.go:105.12,107.3 1 0
github.com/subutai-io/p2p/lib/peerlist.go:112.82,116.12 4 0
github.com/subutai-io/p2p/lib/peerlist.go:119.2,119.80 1 0
github.com/subutai-io/p2p/lib/peerlist.go:116.12,118.3 1 0
github.com/subutai-io/p2p/lib/peerlist.go:123.53,127.12 4 0
github.com/subutai-io/p2p/lib/peerlist.go:130.2,130.62 1 0
github.com/subutai-io/p2p/lib/peerlist.go:127.12,129.3 1 0
github.com/subutai-io/p2p/lib/peerlist.go:133.33,135.2 1 0
github.com/subutai-io/p2p/lib/peerlist.go:137.54,141.2 3 0
github.com/subutai-io/p2p/lib/crypto.go:30.81,36.16 5 0
github.com/subutai-io/p2p/lib/crypto.go:41.2,42.16 2 0
github.com/subutai-io/p2p/lib/crypto.go:46.2,46.13 1 0
github.com/subutai-io/p2p/lib/crypto.go:36.16,38.3 1 0
github.com/subutai-io/p2p/lib/crypto.go:38.3,40.3 1 0
github.com/subutai-io/p2p/lib/crypto.go:42.16,45.3 2 0
github.com/subutai-io/p2p/lib/crypto.go:50.51,52.16 2 0
github.com/subutai-io/p2p/lib/crypto.go:57.2,59.16 3 0
github.com/subutai-io/p2p/lib/crypto.go:64.2,66.31 3 0
github.com/subutai-io/p2p/lib/crypto.go:52.16,56.3 3 0
github.com/subutai-io/p2p/lib/crypto.go:59.16,63.3 3 0
github.com/subutai-io/p2p/lib/crypto.go:70.66,72.16 2 0
github.com/subutai-io/p2p/lib/crypto.go:76.2,76.32 1 0
github.com/subutai-io/p2p/lib/crypto.go:81.2,83.40 3 0
github.com/subutai-io/p2p/lib/crypto.go:87.2,90.21 3 0
github.com/subutai-io/p2p/lib/crypto.go:72.16,74.3 1 0
github.com/subutai-io/p2p/lib/crypto.go:76.32,79.3 2 0
github.com/subutai-io/p2p/lib/crypto.go:83.40,85.3 1 0
github.com/subutai-io/p2p/lib/crypto.go:94.66,96.16 2 0
github.com/subutai-io/p2p/lib/crypto.go:99.2,104.21 4 0
github.com/subutai-io/p2p/lib/crypto.go:96.16,98.3 1 0
github.com/subutai-io/p2p/lib/proxy.pb.go:49.42,51.2 1 0
github.com/subutai-io/p2p/lib/proxy.pb.go:52.57,52.93 1 0
github.com/subutai-io/p2p/lib/proxy.pb.go:60.50,60.72 1 0
github.com/subutai-io/p2p/lib/proxy.pb.go:61.50,61.87 1 0
github.com/subutai-io/p2p/lib/proxy.pb.go:62.50,62.52 0 0
github.com/subutai-io/p2p/lib/proxy.pb.go:63.50,63.86 1 0
github.com/subutai-io/p2p/lib/proxy.pb.go:65.49,66.14 1 0
github.com/subutai-io/p2p/lib/proxy.pb.go:69.2,69.29 1 0
github.com/subutai-io/p2p/lib/proxy.pb.go:66.14,68.3 1 0
github.com/subutai-io/p2p/lib/proxy.pb.go:72.38,73.14 1 0
github.com/subutai-io/p2p/lib/proxy.pb.go:76.2,76.10 1 0
github.com/subutai-io/p2p/lib/proxy.pb.go:73.14,75.3 1 0
github.com/subutai-io/p2p/lib/proxy.pb.go:79.40,80.14 1 0
github.com/subutai-io/p2p/lib/proxy.pb.go:83.2,83.11 1 0
github.com/subutai-io/p2p/lib/proxy.pb.go:80.14,82.3 1 0
github.com/subutai-io/p2p/lib/proxy.pb.go:86.13,89.2 2 1
github.com/subutai-io/p2p/lib/proxy.pb.go:91.13,91.67 1 1
github.com/subutai-io/p2p/lib/tuntap_linux.go:16.53,19.2 2 0
github.com/subutai-io/p2p/lib/tuntap_linux.go:21.85,25.14 4 0
github.com/subutai-io/p2p/lib/tuntap_linux.go:33.2,36.14 3 0
github.com/subutai-io/p2p/lib/tuntap_linux.go:39.2,39.33 1 0
github.com/subutai-io/p2p/lib/tuntap_linux.go:26.14,27.22 1 0
github.com/subutai-io/p2p/lib/tuntap_linux.go:28.14,29.22 1 0
github.com/subutai-io/p2p/lib/tuntap_linux.go:30.10,31.34 1 0
github.com/subutai-io/p2p/lib/tuntap_linux.go:36.14,38.3 1 0
github.com/subutai-io/p2p/lib/tuntap_linux.go:43.77,46.16 3 0
github.com/subutai-io/p2p/lib/tuntap_linux.go:50.2,51.16 2 0
github.com/subutai-io/p2p/lib/tuntap_linux.go:56.2,57.16 2 0
github.com/subutai-io/p2p/lib/tuntap_linux.go:61.2,62.12 2 0
github.com/subutai-io/p2p/lib/tuntap_linux.go:46.16,48.3 1 0
github.com/subutai-io/p2p/lib/tuntap_linux.go:51.16,53.3 1 0
github.com/subutai-io/p2p/lib/tuntap_linux.go:57.16,59.3 1 0
github.com/subutai-io/p2p/lib/tuntap_linux.go:66.61,69.16 3 0
github.com/subutai-io/p2p/lib/tuntap_linux.go:73.2,73.12 1 0
github.com/subutai-io/p2p/lib/tuntap_linux.go:69.16,72.3 2 0
github.com/subutai-io/p2p/lib/tuntap_linux.go:77.40,80.16 3 0
github.com/subutai-io/p2p/lib/tuntap_linux.go:84.2,84.12 1 0
github.com/subutai-io/p2p/lib/tuntap_linux.go:80.16,83.3 2 0
github.com/subutai-io/p2p/lib/tuntap_linux.go:88.43,92.16 4 0
github.com/subutai-io/p2p/lib/tuntap_linux.go:96.2,96.12 1 0
github.com/subutai-io/p2p/lib/tuntap_linux.go:92.16,95.3 2 0
github.com/subutai-io/p2p/lib/tuntap_linux.go:100.45,105.16 4 0
github.com/subutai-io/p2p/lib/tuntap_linux.go:109.2,109.12 1 0
github.com/subutai-io/p2p/lib/tuntap_linux.go:105.16,108.3 2 0
github.com/subutai-io/p2p/lib/tuntap_linux.go:113.29,115.2 1 1
github.com/subutai-io/p2p/lib/log.go:36.37,38.2 1 0
github.com/subutai-io/p2p/lib/log.go:41.29,41.51 1 0
github.com/subutai-io/p2p/lib/log.go:44.59,45.25 1 1
github.com/subutai-io/p2p/lib/log.go:48.2,49.46 2 1
github.com/subutai-io/p2p/lib/log.go:45.25,47.3 1 1
github.com/subutai-io/p2p/lib/log.go:49.46,51.3 1 0
github.com/subutai-io/p2p/lib/log.go:55.37,57.2 1 0
github.com/subutai-io/p2p/lib/tuntap.go:33.44,35.2 1 0
github.com/subutai-io/p2p/lib/peer.go:37.54,39.20 2 0
github.com/subutai-io/p2p/lib/peer.go:42.2,42.39 1 0
github.com/subutai-io/p2p/lib/peer.go:39.20,41.3 1 0
github.com/subutai-io/p2p/lib/peer.go:46.68,49.2 2 0
github.com/subutai-io/p2p/lib/peer.go:58.46,61.6 3 0
github.com/subutai-io/p2p/lib/peer.go:99.2,99.46 1 0
github.com/subutai-io/p2p/lib/peer.go:61.6,62.32 1 0
github.com/subutai-io/p2p/lib/peer.go:66.3,66.24 1 0
github.com/subutai-io/p2p/lib/peer.go:70.3,70.18 1 0
github.com/subutai-io/p2p/lib/peer.go:87.3,88.14 2 0
github.com/subutai-io/p2p/lib/peer.go:93.3,94.17 2 0
github.com/subutai-io/p2p/lib/peer.go:97.3,97.37 1 0
github.com/subutai-io/p2p/lib/peer.go:62.32,64.9 2 0
github.com/subutai-io/p2p/lib/peer.go:66.24,68.12 2 0
github.com/subutai-io/p2p/lib/peer.go:70.18,86.4 15 0
github.com/subutai-io/p2p/lib/peer.go:88.14,91.12 3 0
github.com/subutai-io/p2p/lib/peer.go:94.17,96.4 1 0
github.com/subutai-io/p2p/lib/peer.go:103.58,116.31 11 0
github.com/subutai-io/p2p/lib/peer.go:120.2,120.12 1 0
github.com/subutai-io/p2p/lib/peer.go:116.31,119.3 2 0
github.com/subutai-io/p2p/lib/peer.go:124.65,130.6 5 0
github.com/subutai-io/p2p/lib/peer.go:147.2,147.12 1 0
github.com/subutai-io/p2p/lib/peer.go:130.6,131.49 1 0
github.com/subutai-io/p2p/lib/peer.go:137.3,137.19 1 0
github.com/subutai-io/p2p/lib/peer.go:141.3,141.27 1 0
github.com/subutai-io/p2p/lib/peer.go:145.3,145.37 1 0
github.com/subutai-io/p2p/lib/peer.go:131.49,136.4 4 0
github.com/subutai-io/p2p/lib/peer.go:137.19,139.9 2 0
github.com/subutai-io/p2p/lib/peer.go:141.27,144.4 2 0
github.com/subutai-io/p2p/lib/peer.go:151.76,155.6 3 0
github.com/subutai-io/p2p/lib/peer.go:171.2,171.12 1 0
github.com/subutai-io/p2p/lib/peer.go:155.6,156.50 1 0
github.com/subutai-io/p2p/lib/peer.go:159.3,159.105 1 0
github.com/subutai-io/p2p/lib/peer.go:164.3,166.44 3 0
github.com/subutai-io/p2p/lib/peer.go:156.50,158.4 1 0
github.com/subutai-io/p2p/lib/peer.go:159.105,162.9 3 0
github.com/subutai-io/p2p/lib/peer.go:166.44,169.4 2 0
github.com/subutai-io/p2p/lib/peer.go:180.72,182.27 2 0
github.com/subutai-io/p2p/lib/peer.go:188.2,188.39 1 0
github.com/subutai-io/p2p/lib/peer.go:195.2,197.13 2 0
github.com/subutai-io/p2p/lib/peer.go:203.2,206.12 3 0
github.com/subutai-io/p2p/lib/peer.go:182.27,186.3 3 0
github.com/subutai-io/p2p/lib/peer.go:188.39,193.3 4 0
github.com/subutai-io/p2p/lib/peer.go:197.13,202.3 4 0
github.com/subutai-io/p2p/lib/peer.go:210.76,214.6 3 0
github.com/subutai-io/p2p/lib/peer.go:234.2,234.12 1 0
github.com/subutai-io/p2p/lib/peer.go:214.6,215.50 1 0
github.com/subutai-io/p2p/lib/peer.go:218.3,218.105 1 0
github.com/subutai-io/p2p/lib/peer.go:227.3,229.44 3 0
github.com/subutai-io/p2p/lib/peer.go:215.50,217.4 1 0
github.com/subutai-io/p2p/lib/peer.go:218.105,220.53 2 0
github.com/subutai-io/p2p/lib/peer.go:223.4,225.9 3 0
github.com/subutai-io/p2p/lib/peer.go:220.53,222.5 1 0
github.com/subutai-io/p2p/lib/peer.go:229.44,232.4 2 0
github.com/subutai-io/p2p/lib/peer.go:240.72,248.13 5 0
github.com/subutai-io/p2p/lib/peer.go:254.2,256.64 3 0
github.com/subutai-io/p2p/lib/peer.go:248.13,253.3 4 0
github.com/subutai-io/p2p/lib/peer.go:260.63,261.43 1 0
github.com/subutai-io/p2p/lib/peer.go:266.2,266.37 1 0
github.com/subutai-io/p2p/lib/peer.go:271.2,271.37 1 0
github.com/subutai-io/p2p/lib/peer.go:276.2,276.47 1 0
github.com/subutai-io/p2p/lib/peer.go:280.2,280.23 1 0
github.com/subutai-io/p2p/lib/peer.go:288.2,288.24 1 0
github.com/subutai-io/p2p/lib/peer.go:294.2,295.30 2 0
github.com/subutai-io/p2p/lib/peer.go:302.2,302.12 1 0
github.com/subutai-io/p2p/lib/peer.go:261.43,265.3 3 0
github.com/subutai-io/p2p/lib/peer.go:266.37,270.3 3 0
github.com/subutai-io/p2p/lib/peer.go:271.37,275.3 3 0
github.com/subutai-io/p2p/lib/peer.go:276.47,279.3 2 0
github.com/subutai-io/p2p/lib/peer.go:280.23,287.3 6 0
github.com/subutai-io/p2p/lib/peer.go:288.24,293.3 4 0
github.com/subutai-io/p2p/lib/peer.go:295.30,301.3 5 0
github.com/subutai-io/p2p/lib/peer.go:306.65,309.39 3 0
github.com/subutai-io/p2p/lib/peer.go:318.2,318.12 1 0
github.com/subutai-io/p2p/lib/peer.go:309.39,311.45 2 0
github.com/subutai-io/p2p/lib/peer.go:315.3,316.37 2 0
github.com/subutai-io/p2p/lib/peer.go:311.45,314.4 2 0
github.com/subutai-io/p2p/lib/peer.go:322.71,323.25 1 0
github.com/subutai-io/p2p/lib/peer.go:333.2,334.12 2 0
github.com/subutai-io/p2p/lib/peer.go:323.25,329.3 5 0
github.com/subutai-io/p2p/lib/peer.go:329.3,332.3 2 0
github.com/subutai-io/p2p/lib/peer.go:340.70,343.42 2 0
github.com/subutai-io/p2p/lib/peer.go:353.2,356.26 4 0
github.com/subutai-io/p2p/lib/peer.go:365.2,366.12 2 0
github.com/subutai-io/p2p/lib/peer.go:343.42,344.33 1 0
github.com/subutai-io/p2p/lib/peer.go:344.33,350.4 5 0
github.com/subutai-io/p2p/lib/peer.go:356.26,359.32 3 0
github.com/subutai-io/p2p/lib/peer.go:359.32,363.4 3 0
github.com/subutai-io/p2p/lib/peer.go:369.76,375.2 5 0
github.com/subutai-io/p2p/lib/peer.go:378.74,379.25 1 0
github.com/subutai-io/p2p/lib/peer.go:383.2,385.16 3 0
github.com/subutai-io/p2p/lib/peer.go:388.2,390.22 3 0
github.com/subutai-io/p2p/lib/peer.go:411.2,413.12 3 0
github.com/subutai-io/p2p/lib/peer.go:379.25,382.3 2 0
github.com/subutai-io/p2p/lib/peer.go:385.16,387.3 1 0
github.com/subutai-io/p2p/lib/peer.go:390.22,392.37 2 0
github.com/subutai-io/p2p/lib/peer.go:409.3,409.37 1 0
github.com/subutai-io/p2p/lib/peer.go:392.37,393.21 1 0
github.com/subutai-io/p2p/lib/peer.go:402.4,403.18 2 0
github.com/subutai-io/p2p/lib/peer.go:406.4,407.14 2 0
github.com/subutai-io/p2p/lib/peer.go:393.21,400.5 6 0
github.com/subutai-io/p2p/lib/peer.go:403.18,405.5 1 0
github.com/subutai-io/p2p/lib/peer.go:417.64,422.2 3 0
github.com/subutai-io/p2p/lib/peer.go:425.58,427.2 1 0
github.com/subutai-io/p2p/lib/peer.go:432.64,436.42 4 0
github.com/subutai-io/p2p/lib/peer.go:441.2,441.12 1 0
github.com/subutai-io/p2p/lib/peer.go:436.42,437.46 1 0
github.com/subutai-io/p2p/lib/peer.go:437.46,439.4 1 0
github.com/subutai-io/p2p/lib/peer.go:441.12,443.3 1 0
github.com/subutai-io/p2p/lib/peer.go:443.3,445.3 1 0
github.com/subutai-io/p2p/lib/peer.go:449.85,450.36 1 0
github.com/subutai-io/p2p/lib/peer.go:453.2,456.16 4 0
github.com/subutai-io/p2p/lib/peer.go:460.2,462.16 3 0
github.com/subutai-io/p2p/lib/peer.go:465.2,469.6 4 0
github.com/subutai-io/p2p/lib/peer.go:480.2,480.14 1 0
github.com/subutai-io/p2p/lib/peer.go:450.36,452.3 1 0
github.com/subutai-io/p2p/lib/peer.go:456.16,459.3 2 0
github.com/subutai-io/p2p/lib/peer.go:462.16,464.3 1 0
github.com/subutai-io/p2p/lib/peer.go:469.6,472.17 3 0
github.com/subutai-io/p2p/lib/peer.go:476.3,476.12 1 0
github.com/subutai-io/p2p/lib/peer.go:472.17,474.9 2 0
github.com/subutai-io/p2p/lib/peer.go:476.12,478.4 1 0
github.com/subutai-io/p2p/lib/peer.go:484.59,486.2 1 0
github.com/subutai-io/p2p/lib/peer.go:490.68,492.16 2 0
github.com/subutai-io/p2p/lib/peer.go:497.2,497.33 1 0
github.com/subutai-io/p2p/lib/peer.go:524.2,524.14 1 0
github.com/subutai-io/p2p/lib/peer.go:492.16,495.3 2 0
github.com/subutai-io/p2p/lib/peer.go:497.33,498.25 1 0
github.com/subutai-io/p2p/lib/peer.go:502.3,502.38 1 0
github.com/subutai-io/p2p/lib/peer.go:505.3,506.30 2 0
github.com/subutai-io/p2p/lib/peer.go:498.25,500.9 2 0
github.com/subutai-io/p2p/lib/peer.go:502.38,503.12 1 0
github.com/subutai-io/p2p/lib/peer.go:506.30,508.32 2 0
github.com/subutai-io/p2p/lib/peer.go:511.4,511.36 1 0
github.com/subutai-io/p2p/lib/peer.go:508.32,509.13 1 0
github.com/subutai-io/p2p/lib/peer.go:511.36,513.33 2 0
github.com/subutai-io/p2p/lib/peer.go:513.33,515.16 2 0
github.com/subutai-io/p2p/lib/peer.go:515.16,519.7 3 0
github.com/subutai-io/p2p/lib/peer.go:527.56,529.23 2 0
github.com/subutai-io/p2p/lib/peer.go:533.2,536.16 4 0
github.com/subutai-io/p2p/lib/peer.go:529.23,532.3 2 0
github.com/subutai-io/p2p/lib/peer.go:536.16,539.3 2 0
github.com/subutai-io/p2p/lib/peer.go:539.3,541.3 1 0
github.com/subutai-io/p2p/lib/peer.go:545.67,546.24 1 0
github.com/subutai-io/p2p/lib/peer.go:551.2,554.16 4 0
github.com/subutai-io/p2p/lib/peer.go:562.2,562.12 1 0
github.com/subutai-io/p2p/lib/peer.go:546.24,547.25 1 0
github.com/subutai-io/p2p/lib/peer.go:547.25,549.4 1 0
github.com/subutai-io/p2p/lib/peer.go:554.16,561.3 6 0
github.com/subutai-io/p2p/lib/peer.go:565.80,569.21 4 0
github.com/subutai-io/p2p/lib/peer.go:573.2,577.6 4 0
github.com/subutai-io/p2p/lib/peer.go:593.2,593.14 1 0
github.com/subutai-io/p2p/lib/peer.go:569.21,572.3 2 0
github.com/subutai-io/p2p/lib/peer.go:577.6,578.28 1 0
github.com/subutai-io/p2p/lib/peer.go:582.3,583.17 2 0
github.com/subutai-io/p2p/lib/peer.go:586.3,587.44 2 0
github.com/subutai-io/p2p/lib/peer.go:591.3,591.37 1 0
github.com/subutai-io/p2p/lib/peer.go:578.28,581.4 2 0
github.com/subutai-io/p2p/lib/peer.go:583.17,585.4 1 0
github.com/subutai-io/p2p/lib/peer.go:587.44,589.9 2 0
github.com/subutai-io/p2p/lib/peer.go:597.43,598.27 1 0
github.com/subutai-io/p2p/lib/peer.go:601.2,603.13 3 0
github.com/subutai-io/p2p/lib/peer.go:598.27,600.3 1 0
